0 info it worked if it ends with ok
1 verbose cli [ 'C:\\Program Files (x86)\\nodejs\\node.exe',
1 verbose cli   'C:\\Users\\fred\\AppData\\Roaming\\npm\\node_modules\\npm\\bin\\npm-cli.js',
1 verbose cli   'start' ]
2 info using npm@2.14.2
3 info using node@v5.2.0
4 verbose run-script [ 'prestart', 'start', 'poststart' ]
5 info prestart crispyfish@1.0.0
6 info start crispyfish@1.0.0
7 verbose unsafe-perm in lifecycle true
8 info crispyfish@1.0.0 Failed to exec start script
9 verbose stack Error: crispyfish@1.0.0 start: `electron .`
9 verbose stack Exit status 3221226525
9 verbose stack     at EventEmitter.<anonymous> (C:\Users\fred\AppData\Roaming\npm\node_modules\npm\lib\utils\lifecycle.js:214:16)
9 verbose stack     at emitTwo (events.js:88:13)
9 verbose stack     at EventEmitter.emit (events.js:173:7)
9 verbose stack     at ChildProcess.<anonymous> (C:\Users\fred\AppData\Roaming\npm\node_modules\npm\lib\utils\spawn.js:24:14)
9 verbose stack     at emitTwo (events.js:88:13)
9 verbose stack     at ChildProcess.emit (events.js:173:7)
9 verbose stack     at maybeClose (internal/child_process.js:819:16)
9 verbose stack     at Process.ChildProcess._handle.onexit (internal/child_process.js:212:5)
10 verbose pkgid crispyfish@1.0.0
11 verbose cwd D:\apps\crispy-fish
12 error Windows_NT 6.1.7601
13 error argv "C:\\Program Files (x86)\\nodejs\\node.exe" "C:\\Users\\fred\\AppData\\Roaming\\npm\\node_modules\\npm\\bin\\npm-cli.js" "start"
14 error node v5.2.0
15 error npm  v2.14.2
16 error code ELIFECYCLE
17 error crispyfish@1.0.0 start: `electron .`
17 error Exit status 3221226525
18 error Failed at the crispyfish@1.0.0 start script 'electron .'.
18 error This is most likely a problem with the crispyfish package,
18 error not with npm itself.
18 error Tell the author that this fails on your system:
18 error     electron .
18 error You can get their info via:
18 error     npm owner ls crispyfish
18 error There is likely additional logging output above.
19 verbose exit [ 1, true ]
